2021-06-27T10:25:27+00:00 CRITICAL Uncaught Error: Call to undefined function YITH_WCWL() in /Users/sudiprai/Sites/wp-ecommerce/wp-content/themes/oceanwp/inc/woocommerce/woocommerce-config.php:1933
Stack trace:
#0 /Users/sudiprai/Sites/wp-ecommerce/wp-includes/class-wp-hook.php(292): OceanWP_WooCommerce_Config::menu_wishlist_icon('<li id="menu-it...', Object(stdClass))
#1 /Users/sudiprai/Sites/wp-ecommerce/wp-includes/plugin.php(212): WP_Hook->apply_filters('<li id="menu-it...', Array)
#2 /Users/sudiprai/Sites/wp-ecommerce/wp-includes/nav-menu-template.php(259): apply_filters('wp_nav_menu_ite...', '<li id="menu-it...', Object(stdClass))
#3 /Users/sudiprai/Sites/wp-ecommerce/wp-content/themes/oceanwp/partials/header/nav.php(162): wp_nav_menu(Object(stdClass))
#4 /Users/sudiprai/Sites/wp-ecommerce/wp-includes/template.php(732): require('/Users/sudiprai...')
#5 /Users/sudiprai/Sites/wp-ecommerce/wp-includes/template.php(676): load_template('/Users/sudiprai...', false, Array)
#6 /Users/sudiprai/Sites/wp-ecommerce/wp-includes/general-template.php(204): locate_template(Array, true, false, Array)
#7 /Users/sudiprai/Sites/wp-ecommerce/wp-content/themes/oceanwp/inc/header-content.php(127): get_template_part('partials/header...')
#8 /Users/sudiprai/Sites/wp-ecommerce/wp-includes/class-wp-hook.php(292): oceanwp_header_navigation('')
#9 /Users/sudiprai/Sites/wp-ecommerce/wp-includes/class-wp-hook.php(316): WP_Hook->apply_filters(NULL, Array)
#10 /Users/sudiprai/Sites/wp-ecommerce/wp-includes/plugin.php(484): WP_Hook->do_action(Array)
#11 /Users/sudiprai/Sites/wp-ecommerce/wp-content/themes/oceanwp/partials/header/layout.php(100): do_action('ocean_header_in...')
#12 /Users/sudiprai/Sites/wp-ecommerce/wp-includes/template.php(732): require('/Users/sudiprai...')
#13 /Users/sudiprai/Sites/wp-ecommerce/wp-includes/template.php(676): load_template('/Users/sudiprai...', false, Array)
#14 /Users/sudiprai/Sites/wp-ecommerce/wp-includes/general-template.php(204): locate_template(Array, true, false, Array)
#15 /Users/sudiprai/Sites/wp-ecommerce/wp-content/themes/oceanwp/inc/helpers.php(1006): get_template_part('partials/header...')
#16 /Users/sudiprai/Sites/wp-ecommerce/wp-includes/class-wp-hook.php(292): oceanwp_header_template('')
#17 /Users/sudiprai/Sites/wp-ecommerce/wp-includes/class-wp-hook.php(316): WP_Hook->apply_filters('', Array)
#18 /Users/sudiprai/Sites/wp-ecommerce/wp-includes/plugin.php(484): WP_Hook->do_action(Array)
#19 /Users/sudiprai/Sites/wp-ecommerce/wp-content/themes/oceanwp/header.php(34): do_action('ocean_header')
#20 /Users/sudiprai/Sites/wp-ecommerce/wp-includes/template.php(730): require_once('/Users/sudiprai...')
#21 /Users/sudiprai/Sites/wp-ecommerce/wp-includes/template.php(676): load_template('/Users/sudiprai...', true, Array)
#22 /Users/sudiprai/Sites/wp-ecommerce/wp-includes/general-template.php(48): locate_template(Array, true, true, Array)
#23 /Users/sudiprai/Sites/wp-ecommerce/wp-content/themes/oceanwp/page.php(12): get_header()
#24 /Users/sudiprai/Sites/wp-ecommerce/wp-includes/template-loader.php(106): include('/Users/sudiprai...')
#25 /Users/sudiprai/Sites/wp-ecommerce/wp-blog-header.php(19): require_once('/Users/sudiprai...')
#26 /Users/sudiprai/Sites/wp-ecommerce/index.php(17): require('/Users/sudiprai...')
#27 /Users/sudiprai/.composer/vendor/laravel/valet/server.php(235): require('/Users/sudiprai...')
#28 {main}
  thrown in /Users/sudiprai/Sites/wp-ecommerce/wp-content/themes/oceanwp/inc/woocommerce/woocommerce-config.php on line 1933

